<?xml version="1.0" encoding="UTF-8"?>
<testsuite name="fr.univnantes.alma.tests.api.AllTests" time="0" tests="1" errors="0" skipped="0" failures="0">
  <properties>
    <property name="java.vendor" value="Oracle Corporation"/>
    <property name="osgi.bundles.defaultStartLevel" value="4"/>
    <property name="sun.java.launcher" value="SUN_STANDARD"/>
    <property name="org.osgi.supports.framework.extension" value="true"/>
    <property name="sun.management.compiler" value="HotSpot 64-Bit Tiered Compilers"/>
    <property name="os.name" value="Linux"/>
    <property name="sun.boot.class.path" value="/usr/lib/jvm/java-8-oracle/jre/lib/resources.jar:/usr/lib/jvm/java-8-oracle/jre/lib/rt.jar:/usr/lib/jvm/java-8-oracle/jre/lib/sunrsasign.jar:/usr/lib/jvm/java-8-oracle/jre/lib/jsse.jar:/usr/lib/jvm/java-8-oracle/jre/lib/jce.jar:/usr/lib/jvm/java-8-oracle/jre/lib/charsets.jar:/usr/lib/jvm/java-8-oracle/jre/lib/jfr.jar:/usr/lib/jvm/java-8-oracle/jre/classes"/>
    <property name="osgi.ws" value="gtk"/>
    <property name="java.vm.specification.vendor" value="Oracle Corporation"/>
    <property name="java.runtime.version" value="1.8.0_66-b17"/>
    <property name="osgi.instance.area" value="file:/comptes/E130110Z/M2/GestionProj/ALMA2015BERLEMFOR/bundles/fr.univnantes.alma.tests/target/work/data/"/>
    <property name="org.osgi.framework.uuid" value="b0616ba9-8b9d-0015-1093-b34da79eba8c"/>
    <property name="osgi.noShutdown" value="false"/>
    <property name="user.name" value="E130110Z"/>
    <property name="org.osgi.framework.system.packages" value="javax.accessibility,javax.activation,javax.activity,javax.annotation,javax.annotation.processing,javax.crypto,javax.crypto.interfaces,javax.crypto.spec,javax.imageio,javax.imageio.event,javax.imageio.metadata,javax.imageio.plugins.bmp,javax.imageio.plugins.jpeg,javax.imageio.spi,javax.imageio.stream,javax.jws,javax.jws.soap,javax.lang.model,javax.lang.model.element,javax.lang.model.type,javax.lang.model.util,javax.management,javax.management.loading,javax.management.modelmbean,javax.management.monitor,javax.management.openmbean,javax.management.relation,javax.management.remote,javax.management.remote.rmi,javax.management.timer,javax.naming,javax.naming.directory,javax.naming.event,javax.naming.ldap,javax.naming.spi,javax.net,javax.net.ssl,javax.print,javax.print.attribute,javax.print.attribute.standard,javax.print.event,javax.rmi,javax.rmi.CORBA,javax.rmi.ssl,javax.script,javax.security.auth,javax.security.auth.callback,javax.security.auth.kerberos,javax.security.auth.login,javax.security.auth.spi,javax.security.auth.x500,javax.security.cert,javax.security.sasl,javax.sound.midi,javax.sound.midi.spi,javax.sound.sampled,javax.sound.sampled.spi,javax.sql,javax.sql.rowset,javax.sql.rowset.serial,javax.sql.rowset.spi,javax.swing,javax.swing.border,javax.swing.colorchooser,javax.swing.event,javax.swing.filechooser,javax.swing.plaf,javax.swing.plaf.basic,javax.swing.plaf.metal,javax.swing.plaf.multi,javax.swing.plaf.nimbus,javax.swing.plaf.synth,javax.swing.table,javax.swing.text,javax.swing.text.html,javax.swing.text.html.parser,javax.swing.text.rtf,javax.swing.tree,javax.swing.undo,javax.tools,javax.transaction,javax.transaction.xa,javax.xml,javax.xml.bind,javax.xml.bind.annotation,javax.xml.bind.annotation.adapters,javax.xml.bind.attachment,javax.xml.bind.helpers,javax.xml.bind.util,javax.xml.crypto,javax.xml.crypto.dom,javax.xml.crypto.dsig,javax.xml.crypto.dsig.dom,javax.xml.crypto.dsig.keyinfo,javax.xml.crypto.dsig.spec,javax.xml.datatype,javax.xml.namespace,javax.xml.parsers,javax.xml.soap,javax.xml.stream,javax.xml.stream.events,javax.xml.stream.util,javax.xml.transform,javax.xml.transform.dom,javax.xml.transform.sax,javax.xml.transform.stax,javax.xml.transform.stream,javax.xml.validation,javax.xml.ws,javax.xml.ws.handler,javax.xml.ws.handler.soap,javax.xml.ws.http,javax.xml.ws.soap,javax.xml.ws.spi,javax.xml.ws.spi.http,javax.xml.ws.wsaddressing,javax.xml.xpath,org.ietf.jgss,org.omg.CORBA,org.omg.CORBA_2_3,org.omg.CORBA_2_3.portable,org.omg.CORBA.DynAnyPackage,org.omg.CORBA.ORBPackage,org.omg.CORBA.portable,org.omg.CORBA.TypeCodePackage,org.omg.CosNaming,org.omg.CosNaming.NamingContextExtPackage,org.omg.CosNaming.NamingContextPackage,org.omg.Dynamic,org.omg.DynamicAny,org.omg.DynamicAny.DynAnyFactoryPackage,org.omg.DynamicAny.DynAnyPackage,org.omg.IOP,org.omg.IOP.CodecFactoryPackage,org.omg.IOP.CodecPackage,org.omg.Messaging,org.omg.PortableInterceptor,org.omg.PortableInterceptor.ORBInitInfoPackage,org.omg.PortableServer,org.omg.PortableServer.CurrentPackage,org.omg.PortableServer.POAManagerPackage,org.omg.PortableServer.POAPackage,org.omg.PortableServer.portable,org.omg.PortableServer.ServantLocatorPackage,org.omg.SendingContext,org.omg.stub.java.rmi,org.w3c.dom,org.w3c.dom.bootstrap,org.w3c.dom.css,org.w3c.dom.events,org.w3c.dom.html,org.w3c.dom.ls,org.w3c.dom.ranges,org.w3c.dom.stylesheets,org.w3c.dom.traversal,org.w3c.dom.views,org.w3c.dom.xpath,org.xml.sax,org.xml.sax.ext,org.xml.sax.helpers"/>
    <property name="equinox.use.ds" value="true"/>
    <property name="org.osgi.framework.language" value="fr"/>
    <property name="user.language" value="fr"/>
    <property name="org.osgi.framework.processor" value="x86-64"/>
    <property name="osgi.syspath" value="/comptes/E130110Z/.m2/repository/p2/osgi/bundle/org.eclipse.osgi/3.10.200.v20151020-1445"/>
    <property name="osgi.compatibility.bootdelegation.default" value="true"/>
    <property name="sun.boot.library.path" value="/usr/lib/jvm/java-8-oracle/jre/lib/amd64"/>
    <property name="org.osgi.framework.system.capabilities" value="osgi.ee; osgi.ee=&quot;OSGi/Minimum&quot;; version:List&lt;Version&gt;=&quot;1.0, 1.1, 1.2&quot;,osgi.ee; osgi.ee=&quot;JRE&quot;; version:List&lt;Version&gt;=&quot;1.0, 1.1&quot;,osgi.ee; osgi.ee=&quot;JavaSE&quot;; version:List&lt;Version&gt;=&quot;1.0, 1.1, 1.2, 1.3, 1.4, 1.5, 1.6, 1.7, 1.8&quot;,osgi.ee; osgi.ee=&quot;JavaSE/compact1&quot;; version:List&lt;Version&gt;=&quot;1.8&quot;,osgi.ee; osgi.ee=&quot;JavaSE/compact2&quot;; version:List&lt;Version&gt;=&quot;1.8&quot;,osgi.ee; osgi.ee=&quot;JavaSE/compact3&quot;; version:List&lt;Version&gt;=&quot;1.8&quot;"/>
    <property name="osgi.compatibility.bootdelegation" value="true"/>
    <property name="java.version" value="1.8.0_66"/>
    <property name="org.osgi.framework.os.name" value="Linux"/>
    <property name="user.timezone" value="Europe/Paris"/>
    <property name="sun.arch.data.model" value="64"/>
    <property name="osgi.bundles" value="reference:file:/comptes/E130110Z/M2/GestionProj/ALMA2015BERLEMFOR/bundles/fr.univnantes.alma.tests,reference:file:/comptes/E130110Z/.m2/repository/p2/osgi/bundle/org.junit/4.12.0.v201504281640/org.junit-4.12.0.v201504281640.jar,reference:file:/comptes/E130110Z/.m2/repository/p2/osgi/bundle/javax.annotation/1.2.0.v201401042248/javax.annotation-1.2.0.v201401042248.jar,reference:file:/comptes/E130110Z/.m2/repository/p2/osgi/bundle/javax.xml/1.3.4.v201005080400/javax.xml-1.3.4.v201005080400.jar,reference:file:/comptes/E130110Z/.m2/repository/p2/osgi/bundle/org.apache.batik.css/1.7.0.v201011041433/org.apache.batik.css-1.7.0.v201011041433.jar,reference:file:/comptes/E130110Z/.m2/repository/p2/osgi/bundle/org.apache.batik.util/1.7.0.v201011041433/org.apache.batik.util-1.7.0.v201011041433.jar,reference:file:/comptes/E130110Z/.m2/repository/p2/osgi/bundle/org.w3c.dom.events/3.0.0.draft20060413_v201105210656/org.w3c.dom.events-3.0.0.draft20060413_v201105210656.jar,reference:file:/comptes/E130110Z/.m2/repository/p2/osgi/bundle/org.w3c.css.sac/1.3.1.v200903091627/org.w3c.css.sac-1.3.1.v200903091627.jar,reference:file:/comptes/E130110Z/.m2/repository/p2/osgi/bundle/org.w3c.dom.svg/1.1.0.v201011041433/org.w3c.dom.svg-1.1.0.v201011041433.jar,reference:file:/comptes/E130110Z/.m2/repository/p2/osgi/bundle/org.apache.batik.util.gui/1.7.0.v200903091627/org.apache.batik.util.gui-1.7.0.v200903091627.jar,reference:file:/comptes/E130110Z/.m2/repository/p2/osgi/bundle/org.eclipse.osgi.services/3.5.0.v20150714-1510/org.eclipse.osgi.services-3.5.0.v20150714-1510.jar,reference:file:/comptes/E130110Z/.m2/repository/p2/osgi/bundle/org.eclipse.compare/3.5.700.v20150928-1349/org.eclipse.compare-3.5.700.v20150928-1349.jar,reference:file:/comptes/E130110Z/.m2/repository/p2/osgi/bundle/org.eclipse.ui/3.107.0.v20151016-1441/org.eclipse.ui-3.107.0.v20151016-1441.jar,reference:file:/comptes/E130110Z/.m2/repository/p2/osgi/bundle/org.eclipse.core.resources/3.11.0.v20151009-2248/org.eclipse.core.resources-3.11.0.v20151009-2248.jar,reference:file:/comptes/E130110Z/.m2/repository/p2/osgi/bundle/org.eclipse.jface.text/3.10.0.v20150929-1143/org.eclipse.jface.text-3.10.0.v20150929-1143.jar,reference:file:/comptes/E130110Z/.m2/repository/p2/osgi/bundle/org.eclipse.ui.ide/3.12.0.v20151028-1844/org.eclipse.ui.ide-3.12.0.v20151028-1844.jar,reference:file:/comptes/E130110Z/.m2/repository/p2/osgi/bundle/org.eclipse.ui.views/3.8.0.v20151017-0615/org.eclipse.ui.views-3.8.0.v20151017-0615.jar,reference:file:/comptes/E130110Z/.m2/repository/p2/osgi/bundle/org.eclipse.ui.workbench.texteditor/3.9.200.v20150901-0449/org.eclipse.ui.workbench.texteditor-3.9.200.v20150901-0449.jar,reference:file:/comptes/E130110Z/.m2/repository/p2/osgi/bundle/org.eclipse.core.runtime/3.12.0.v20151014-1537/org.eclipse.core.runtime-3.12.0.v20151014-1537.jar@4:start,reference:file:/comptes/E130110Z/.m2/repository/p2/osgi/bundle/org.eclipse.core.expressions/3.5.0.v20150902-0808/org.eclipse.core.expressions-3.5.0.v20150902-0808.jar,reference:file:/comptes/E130110Z/.m2/repository/p2/osgi/bundle/org.eclipse.ui.editors/3.9.100.v20151027-2035/org.eclipse.ui.editors-3.9.100.v20151027-2035.jar,reference:file:/comptes/E130110Z/.m2/repository/p2/osgi/bundle/org.eclipse.ui.forms/3.7.0.v20151013-0932/org.eclipse.ui.forms-3.7.0.v20151013-0932.jar,reference:file:/comptes/E130110Z/.m2/repository/p2/osgi/bundle/org.eclipse.compare.core/3.5.500.v20150505-1058/org.eclipse.compare.core-3.5.500.v20150505-1058.jar,reference:file:/comptes/E130110Z/.m2/repository/p2/osgi/bundle/com.ibm.icu/54.1.1.v201501272100/com.ibm.icu-54.1.1.v201501272100.jar,reference:file:/comptes/E130110Z/.m2/repository/p2/osgi/bundle/org.eclipse.core.commands/3.8.0.v20151005-1654/org.eclipse.core.commands-3.8.0.v20151005-1654.jar,reference:file:/comptes/E130110Z/.m2/repository/p2/osgi/bundle/org.eclipse.equinox.common/3.8.0.v20151023-1114/org.eclipse.equinox.common-3.8.0.v20151023-1114.jar@2:start,reference:file:/comptes/E130110Z/.m2/repository/p2/osgi/bundle/org.eclipse.core.contenttype/3.5.100.v20151013-0527/org.eclipse.core.contenttype-3.5.100.v20151013-0527.jar,reference:file:/comptes/E130110Z/.m2/repository/p2/osgi/bundle/org.eclipse.equinox.preferences/3.6.0.v20150928-1904/org.eclipse.equinox.preferences-3.6.0.v20150928-1904.jar,reference:file:/comptes/E130110Z/.m2/repository/p2/osgi/bundle/org.eclipse.equinox.registry/3.6.100.v20150715-1528/org.eclipse.equinox.registry-3.6.100.v20150715-1528.jar,reference:file:/comptes/E130110Z/.m2/repository/p2/osgi/bundle/org.eclipse.core.databinding/1.6.0.v20151005-1655/org.eclipse.core.databinding-1.6.0.v20151005-1655.jar,reference:file:/comptes/E130110Z/.m2/repository/p2/osgi/bundle/org.eclipse.core.databinding.observable/1.6.0.v20151005-1655/org.eclipse.core.databinding.observable-1.6.0.v20151005-1655.jar,reference:file:/comptes/E130110Z/.m2/repository/p2/osgi/bundle/org.eclipse.core.databinding.property/1.6.0.v20151005-1655/org.eclipse.core.databinding.property-1.6.0.v20151005-1655.jar,reference:file:/comptes/E130110Z/.m2/repository/p2/osgi/bundle/org.eclipse.core.filebuffers/3.5.500.v20140723-1040/org.eclipse.core.filebuffers-3.5.500.v20140723-1040.jar,reference:file:/comptes/E130110Z/.m2/repository/p2/osgi/bundle/org.eclipse.text/3.5.400.v20150505-1044/org.eclipse.text-3.5.400.v20150505-1044.jar,reference:file:/comptes/E130110Z/.m2/repository/p2/osgi/bundle/org.eclipse.core.filesystem/1.6.0.v20151007-1725/org.eclipse.core.filesystem-1.6.0.v20151007-1725.jar,reference:file:/comptes/E130110Z/.m2/repository/p2/osgi/bundle/org.eclipse.core.jobs/3.8.0.v20150921-1442/org.eclipse.core.jobs-3.8.0.v20150921-1442.jar,reference:file:/comptes/E130110Z/.m2/repository/p2/osgi/bundle/org.eclipse.core.net/1.2.300.v20141118-1725/org.eclipse.core.net-1.2.300.v20141118-1725.jar,reference:file:/comptes/E130110Z/.m2/repository/p2/osgi/bundle/org.eclipse.equinox.security/1.2.200.v20150715-1528/org.eclipse.equinox.security-1.2.200.v20150715-1528.jar,reference:file:/comptes/E130110Z/.m2/repository/p2/osgi/bundle/org.eclipse.equinox.app/1.3.400.v20150715-1528/org.eclipse.equinox.app-1.3.400.v20150715-1528.jar,reference:file:/comptes/E130110Z/.m2/repository/p2/osgi/bundle/org.eclipse.e4.core.commands/0.11.0.v20151005-1655/org.eclipse.e4.core.commands-0.11.0.v20151005-1655.jar,reference:file:/comptes/E130110Z/.m2/repository/p2/osgi/bundle/org.eclipse.e4.core.di/1.5.0.v20151028-2323/org.eclipse.e4.core.di-1.5.0.v20151028-2323.jar,reference:file:/comptes/E130110Z/.m2/repository/p2/osgi/bundle/javax.inject/1.0.0.v20091030/javax.inject-1.0.0.v20091030.jar,reference:file:/comptes/E130110Z/.m2/repository/p2/osgi/bundle/org.eclipse.e4.core.contexts/1.4.0.v20150928-0929/org.eclipse.e4.core.contexts-1.4.0.v20150928-0929.jar,reference:file:/comptes/E130110Z/.m2/repository/p2/osgi/bundle/org.eclipse.e4.core.services/2.0.0.v20151022-0152/org.eclipse.e4.core.services-2.0.0.v20151022-0152.jar,reference:file:/comptes/E130110Z/.m2/repository/p2/osgi/bundle/org.eclipse.e4.core.di.annotations/1.4.0.v20150528-1451/org.eclipse.e4.core.di.annotations-1.4.0.v20150528-1451.jar,reference:file:/comptes/E130110Z/.m2/repository/p2/osgi/bundle/org.eclipse.e4.core.di.extensions/0.13.200.v20150922-1746/org.eclipse.e4.core.di.extensions-0.13.200.v20150922-1746.jar,reference:file:/comptes/E130110Z/.m2/repository/p2/osgi/bundle/org.eclipse.e4.emf.xpath/0.1.100.v20151005-1655/org.eclipse.e4.emf.xpath-0.1.100.v20151005-1655.jar,reference:file:/comptes/E130110Z/.m2/repository/p2/osgi/bundle/org.apache.commons.jxpath/1.3.0.v200911051830/org.apache.commons.jxpath-1.3.0.v200911051830.jar,reference:file:/comptes/E130110Z/.m2/repository/p2/osgi/bundle/org.eclipse.emf.ecore/2.12.0.v20151026-0351/org.eclipse.emf.ecore-2.12.0.v20151026-0351.jar,reference:file:/comptes/E130110Z/.m2/repository/p2/osgi/bundle/org.eclipse.e4.ui.bindings/0.11.0.v20150727-1756/org.eclipse.e4.ui.bindings-0.11.0.v20150727-1756.jar,reference:file:/comptes/E130110Z/.m2/repository/p2/osgi/bundle/org.eclipse.swt/3.105.0.v20151028-1901/org.eclipse.swt-3.105.0.v20151028-1901.jar,reference:file:/comptes/E130110Z/.m2/repository/p2/osgi/bundle/org.eclipse.jface/3.12.0.v20151019-1249/org.eclipse.jface-3.12.0.v20151019-1249.jar,reference:file:/comptes/E130110Z/.m2/repository/p2/osgi/bundle/org.eclipse.e4.ui.css.core/0.11.0.v20151026-0747/org.eclipse.e4.ui.css.core-0.11.0.v20151026-0747.jar,reference:file:/comptes/E130110Z/.m2/repository/p2/osgi/bundle/org.eclipse.e4.ui.css.swt/0.12.0.v20151005-1656/org.eclipse.e4.ui.css.swt-0.12.0.v20151005-1656.jar,reference:file:/comptes/E130110Z/.m2/repository/p2/osgi/bundle/org.eclipse.e4.ui.css.swt.theme/0.10.0.v20151005-1656/org.eclipse.e4.ui.css.swt.theme-0.10.0.v20151005-1656.jar,reference:file:/comptes/E130110Z/.m2/repository/p2/osgi/bundle/org.eclipse.e4.ui.di/1.1.0.v20150922-1735/org.eclipse.e4.ui.di-1.1.0.v20150922-1735.jar,reference:file:/comptes/E130110Z/.m2/repository/p2/osgi/bundle/org.eclipse.e4.ui.model.workbench/1.1.100.v20151009-0947/org.eclipse.e4.ui.model.workbench-1.1.100.v20151009-0947.jar,reference:file:/comptes/E130110Z/.m2/repository/p2/osgi/bundle/org.eclipse.e4.ui.services/1.2.0.v20150727-1801/org.eclipse.e4.ui.services-1.2.0.v20150727-1801.jar,reference:file:/comptes/E130110Z/.m2/repository/p2/osgi/bundle/org.eclipse.e4.ui.widgets/1.1.0.v20150813-1519/org.eclipse.e4.ui.widgets-1.1.0.v20150813-1519.jar,reference:file:/comptes/E130110Z/.m2/repository/p2/osgi/bundle/org.eclipse.e4.ui.workbench/1.4.0.v20151027-1122/org.eclipse.e4.ui.workbench-1.4.0.v20151027-1122.jar,reference:file:/comptes/E130110Z/.m2/repository/p2/osgi/bundle/org.eclipse.emf.ecore.change/2.11.0.v20151026-0351/org.eclipse.emf.ecore.change-2.11.0.v20151026-0351.jar,reference:file:/comptes/E130110Z/.m2/repository/p2/osgi/bundle/org.eclipse.emf.ecore.xmi/2.12.0.v20151026-0351/org.eclipse.emf.ecore.xmi-2.12.0.v20151026-0351.jar,reference:file:/comptes/E130110Z/.m2/repository/p2/osgi/bundle/org.eclipse.e4.ui.workbench.addons.swt/1.2.0.v20151019-1152/org.eclipse.e4.ui.workbench.addons.swt-1.2.0.v20151019-1152.jar,reference:file:/comptes/E130110Z/.m2/repository/p2/osgi/bundle/org.eclipse.e4.ui.workbench.renderers.swt/0.13.0.v20151013-0932/org.eclipse.e4.ui.workbench.renderers.swt-0.13.0.v20151013-0932.jar,reference:file:/comptes/E130110Z/.m2/repository/p2/osgi/bundle/org.eclipse.e4.ui.workbench.swt/0.14.0.v20151026-1200/org.eclipse.e4.ui.workbench.swt-0.14.0.v20151026-1200.jar,reference:file:/comptes/E130110Z/.m2/repository/p2/osgi/bundle/org.eclipse.jface.databinding/1.8.0.v20150928-1426/org.eclipse.jface.databinding-1.8.0.v20150928-1426.jar,reference:file:/comptes/E130110Z/.m2/repository/p2/osgi/bundle/org.eclipse.e4.ui.workbench3/0.13.0.v20150727-1801/org.eclipse.e4.ui.workbench3-0.13.0.v20150727-1801.jar,reference:file:/comptes/E130110Z/.m2/repository/p2/osgi/bundle/org.eclipse.equinox.ds/1.4.300.v20150423-1356/org.eclipse.equinox.ds-1.4.300.v20150423-1356.jar@1:start,reference:file:/comptes/E130110Z/.m2/repository/p2/osgi/bundle/org.eclipse.emf.common/2.12.0.v20151026-0351/org.eclipse.emf.common-2.12.0.v20151026-0351.jar,reference:file:/comptes/E130110Z/.m2/repository/p2/osgi/bundle/org.eclipse.equinox.bidi/0.10.100.v20150715-1528/org.eclipse.equinox.bidi-0.10.100.v20150715-1528.jar,reference:file:/comptes/E130110Z/.m2/repository/p2/osgi/bundle/org.eclipse.equinox.util/1.0.500.v20130404-1337/org.eclipse.equinox.util-1.0.500.v20130404-1337.jar,reference:file:/comptes/E130110Z/.m2/repository/p2/osgi/bundle/org.eclipse.equinox.p2.core/2.4.0.v20150527-1706/org.eclipse.equinox.p2.core-2.4.0.v20150527-1706.jar,reference:file:/comptes/E130110Z/.m2/repository/p2/osgi/bundle/org.eclipse.equinox.p2.engine/2.4.0.v20150907-2149/org.eclipse.equinox.p2.engine-2.4.0.v20150907-2149.jar,reference:file:/comptes/E130110Z/.m2/repository/p2/osgi/bundle/org.eclipse.equinox.p2.metadata/2.3.0.v20150907-2149/org.eclipse.equinox.p2.metadata-2.3.0.v20150907-2149.jar,reference:file:/comptes/E130110Z/.m2/repository/p2/osgi/bundle/org.eclipse.equinox.p2.metadata.repository/1.2.200.v20151012-0934/org.eclipse.equinox.p2.metadata.repository-1.2.200.v20151012-0934.jar,reference:file:/comptes/E130110Z/.m2/repository/p2/osgi/bundle/org.eclipse.equinox.p2.repository/2.3.100.v20150907-2149/org.eclipse.equinox.p2.repository-2.3.100.v20150907-2149.jar,reference:file:/comptes/E130110Z/.m2/repository/p2/osgi/bundle/org.tukaani.xz/1.3.0.v201308270617/org.tukaani.xz-1.3.0.v201308270617.jar,reference:file:/comptes/E130110Z/.m2/repository/p2/osgi/bundle/org.eclipse.help/3.6.0.v20151007-0818/org.eclipse.help-3.6.0.v20151007-0818.jar,reference:file:/comptes/E130110Z/.m2/repository/p2/osgi/bundle/org.eclipse.ltk.core.refactoring/3.7.0.v20150811-0952/org.eclipse.ltk.core.refactoring-3.7.0.v20150811-0952.jar,reference:file:/comptes/E130110Z/.m2/repository/p2/osgi/bundle/org.eclipse.ltk.ui.refactoring/3.8.0.v20150713-1605/org.eclipse.ltk.ui.refactoring-3.8.0.v20150713-1605.jar,reference:file:/comptes/E130110Z/.m2/repository/p2/osgi/bundle/org.eclipse.ui.navigator/3.6.0.v20151014-2011/org.eclipse.ui.navigator-3.6.0.v20151014-2011.jar,reference:file:/comptes/E130110Z/.m2/repository/p2/osgi/bundle/org.eclipse.team.core/3.7.100.v20150203-1452/org.eclipse.team.core-3.7.100.v20150203-1452.jar,reference:file:/comptes/E130110Z/.m2/repository/p2/osgi/bundle/org.eclipse.team.ui/3.7.300.v20150731-0856/org.eclipse.team.ui-3.7.300.v20150731-0856.jar,reference:file:/comptes/E130110Z/.m2/repository/p2/osgi/bundle/org.eclipse.swt.win32.win32.x86_64/3.105.0.v20151028-1901/org.eclipse.swt.win32.win32.x86_64-3.105.0.v20151028-1901.jar,reference:file:/comptes/E130110Z/.m2/repository/p2/osgi/bundle/org.eclipse.ui.workbench/3.107.100.v20151027-1122/org.eclipse.ui.workbench-3.107.100.v20151027-1122.jar,reference:file:/comptes/E130110Z/.m2/repository/p2/osgi/bundle/org.eclipse.ui.ide.application/1.1.0.v20151015-1530/org.eclipse.ui.ide.application-1.1.0.v20151015-1530.jar,reference:file:/comptes/E130110Z/.m2/repository/p2/osgi/bundle/org.eclipse.ui.navigator.resources/3.5.0.v20151023-1854/org.eclipse.ui.navigator.resources-3.5.0.v20151023-1854.jar,reference:file:/comptes/E130110Z/.m2/repository/p2/osgi/bundle/org.eclipse.ui.views.properties.tabbed/3.6.100.v20151015-1321/org.eclipse.ui.views.properties.tabbed-3.6.100.v20151015-1321.jar,reference:file:/comptes/E130110Z/.m2/repository/p2/osgi/bundle/org.hamcrest.core/1.3.0.v201303031735/org.hamcrest.core-1.3.0.v201303031735.jar,reference:file:/comptes/E130110Z/.m2/repository/p2/osgi/bundle/org.w3c.dom.smil/1.0.1.v200903091627/org.w3c.dom.smil-1.0.1.v200903091627.jar,reference:file:/comptes/E130110Z/.m2/repository/p2/osgi/bundle/org.eclipse.equinox.launcher/1.3.200.v20151021-1308/org.eclipse.equinox.launcher-1.3.200.v20151021-1308.jar,reference:file:/comptes/E130110Z/.m2/repository/p2/osgi/bundle/org.eclipse.swt.gtk.linux.x86_64/3.105.0.v20151028-1901/org.eclipse.swt.gtk.linux.x86_64-3.105.0.v20151028-1901.jar,reference:file:/comptes/E130110Z/.m2/repository/p2/osgi/bundle/org.eclipse.swt.cocoa.macosx.x86_64/3.105.0.v20151028-1901/org.eclipse.swt.cocoa.macosx.x86_64-3.105.0.v20151028-1901.jar,reference:file:/comptes/E130110Z/.m2/repository/org/eclipse/tycho/org.eclipse.tycho.surefire.osgibooter/0.23.1/org.eclipse.tycho.surefire.osgibooter-0.23.1.jar,reference:file:/comptes/E130110Z/.m2/repository/org/eclipse/tycho/org.eclipse.tycho.surefire.junit4/0.23.1/org.eclipse.tycho.surefire.junit4-0.23.1.jar"/>
    <property name="java.endorsed.dirs" value="/usr/lib/jvm/java-8-oracle/jre/lib/endorsed"/>
    <property name="sun.cpu.isalist" value=""/>
    <property name="sun.jnu.encoding" value="UTF-8"/>
    <property name="eclipse.application" value="org.eclipse.tycho.surefire.osgibooter.headlesstest"/>
    <property name="file.encoding.pkg" value="sun.io"/>
    <property name="org.osgi.framework.vendor" value="Eclipse"/>
    <property name="file.separator" value="/"/>
    <property name="java.specification.name" value="Java Platform API Specification"/>
    <property name="osgi.checkConfiguration" value="true"/>
    <property name="java.class.version" value="52.0"/>
    <property name="user.country" value="FR"/>
    <property name="osgi.configuration.cascaded" value="false"/>
    <property name="java.home" value="/usr/lib/jvm/java-8-oracle/jre"/>
    <property name="osgi.os" value="linux"/>
    <property name="eclipse.commands" value="-data&#10;/comptes/E130110Z/M2/GestionProj/ALMA2015BERLEMFOR/bundles/fr.univnantes.alma.tests/target/work/data&#10;-install&#10;/comptes/E130110Z/M2/GestionProj/ALMA2015BERLEMFOR/bundles/fr.univnantes.alma.tests/target/work&#10;-configuration&#10;/comptes/E130110Z/M2/GestionProj/ALMA2015BERLEMFOR/bundles/fr.univnantes.alma.tests/target/work/configuration&#10;-application&#10;org.eclipse.tycho.surefire.osgibooter.headlesstest&#10;-testproperties&#10;/comptes/E130110Z/M2/GestionProj/ALMA2015BERLEMFOR/bundles/fr.univnantes.alma.tests/target/surefire.properties&#10;"/>
    <property name="java.vm.info" value="mixed mode"/>
    <property name="os.version" value="3.13.0-57-generic"/>
    <property name="osgi.arch" value="x86_64"/>
    <property name="path.separator" value=":"/>
    <property name="java.vm.version" value="25.66-b17"/>
    <property name="org.osgi.supports.framework.fragment" value="true"/>
    <property name="osgi.framework.shape" value="jar"/>
    <property name="java.awt.printerjob" value="sun.print.PSPrinterJob"/>
    <property name="sun.io.unicode.encoding" value="UnicodeLittle"/>
    <property name="org.osgi.framework.version" value="1.8.0"/>
    <property name="awt.toolkit" value="sun.awt.X11.XToolkit"/>
    <property name="eclipse.stateSaveDelayInterval" value="30000"/>
    <property name="osgi.dev" value="file:/comptes/E130110Z/M2/GestionProj/ALMA2015BERLEMFOR/bundles/fr.univnantes.alma.tests/target/work/dev.properties"/>
    <property name="osgi.install.area" value="file:/comptes/E130110Z/M2/GestionProj/ALMA2015BERLEMFOR/bundles/fr.univnantes.alma.tests/target/work/"/>
    <property name="osgi.framework" value="file:/comptes/E130110Z/.m2/repository/p2/osgi/bundle/org.eclipse.osgi/3.10.200.v20151020-1445/org.eclipse.osgi-3.10.200.v20151020-1445.jar"/>
    <property name="user.home" value="/comptes/E130110Z"/>
    <property name="osgi.framework.useSystemProperties" value="true"/>
    <property name="java.specification.vendor" value="Oracle Corporation"/>
    <property name="osgi.nl" value="fr_FR"/>
    <property name="java.library.path" value="/comptes/goualard-f/local/lib:/usr/java/packages/lib/amd64:/usr/lib64:/lib64:/lib:/usr/lib"/>
    <property name="java.vendor.url" value="http://java.oracle.com/"/>
    <property name="osgi.bundlefile.limit" value="100"/>
    <property name="eclipse.startTime" value="1449565887075"/>
    <property name="org.osgi.framework.os.version" value="3.13.0"/>
    <property name="java.vm.vendor" value="Oracle Corporation"/>
    <property name="java.runtime.name" value="Java(TM) SE Runtime Environment"/>
    <property name="java.class.path" value="/comptes/E130110Z/.m2/repository/p2/osgi/bundle/org.eclipse.equinox.launcher/1.3.200.v20151021-1308/org.eclipse.equinox.launcher-1.3.200.v20151021-1308.jar"/>
    <property name="sun.java.command" value="/comptes/E130110Z/.m2/repository/p2/osgi/bundle/org.eclipse.equinox.launcher/1.3.200.v20151021-1308/org.eclipse.equinox.launcher-1.3.200.v20151021-1308.jar -data /comptes/E130110Z/M2/GestionProj/ALMA2015BERLEMFOR/bundles/fr.univnantes.alma.tests/target/work/data -install /comptes/E130110Z/M2/GestionProj/ALMA2015BERLEMFOR/bundles/fr.univnantes.alma.tests/target/work -configuration /comptes/E130110Z/M2/GestionProj/ALMA2015BERLEMFOR/bundles/fr.univnantes.alma.tests/target/work/configuration -application org.eclipse.tycho.surefire.osgibooter.headlesstest -testproperties /comptes/E130110Z/M2/GestionProj/ALMA2015BERLEMFOR/bundles/fr.univnantes.alma.tests/target/surefire.properties"/>
    <property name="java.vm.specification.name" value="Java Virtual Machine Specification"/>
    <property name="java.vm.specification.version" value="1.8"/>
    <property name="sun.os.patch.level" value="unknown"/>
    <property name="sun.cpu.endian" value="little"/>
    <property name="gosh.args" value="--nointeractive"/>
    <property name="java.io.tmpdir" value="/tmp"/>
    <property name="java.vendor.url.bug" value="http://bugreport.sun.com/bugreport/"/>
    <property name="eclipse.home.location" value="file:/comptes/E130110Z/M2/GestionProj/ALMA2015BERLEMFOR/bundles/fr.univnantes.alma.tests/target/work/"/>
    <property name="java.awt.graphicsenv" value="sun.awt.X11GraphicsEnvironment"/>
    <property name="os.arch" value="amd64"/>
    <property name="java.ext.dirs" value="/usr/lib/jvm/java-8-oracle/jre/lib/ext:/usr/java/packages/lib/ext"/>
    <property name="user.dir" value="/comptes/E130110Z/M2/GestionProj/ALMA2015BERLEMFOR/bundles/fr.univnantes.alma.tests"/>
    <property name="org.osgi.supports.framework.requirebundle" value="true"/>
    <property name="osgi.clean" value="true"/>
    <property name="line.separator" value="&#10;"/>
    <property name="java.vm.name" value="Java HotSpot(TM) 64-Bit Server VM"/>
    <property name="file.encoding" value="UTF-8"/>
    <property name="java.specification.version" value="1.8"/>
    <property name="org.osgi.framework.executionenvironment" value="OSGi/Minimum-1.0,OSGi/Minimum-1.1,OSGi/Minimum-1.2,JavaSE/compact1-1.8,JavaSE/compact2-1.8,JavaSE/compact3-1.8,JRE-1.1,J2SE-1.2,J2SE-1.3,J2SE-1.4,J2SE-1.5,JavaSE-1.6,JavaSE-1.7,JavaSE-1.8"/>
    <property name="osgi.configuration.area" value="file:/comptes/E130110Z/M2/GestionProj/ALMA2015BERLEMFOR/bundles/fr.univnantes.alma.tests/target/work/configuration/"/>
    <property name="osgi.logfile" value="/comptes/E130110Z/M2/GestionProj/ALMA2015BERLEMFOR/bundles/fr.univnantes.alma.tests/target/work/configuration/1449565887165.log"/>
  </properties>
  <testcase name="testSomething" classname="fr.univnantes.alma.tests.internal.TestClass" time="0"/>
</testsuite>